2018-10-26 14:35:52,746  INFO [TestNG] TestBase:125 - Initilisation of --chrome-- Browser
2018-10-26 14:37:00,095  INFO [TestNG] TestBase:159 - navigating to :-https://www.alibaba.com/
2018-10-26 14:37:02,689  INFO [TestNG] TestBase:53 - Error NOT Occured while enetreing the text for Search Item
2018-10-26 14:38:43,491  INFO [TestNG] TestBase:283 - Exception Occurstimeout
  (Session info: chrome=70.0.3538.77)
  (Driver info: chromedriver=2.34.522940 (1a76f96f66e3ca7b8e57d503b4dd3bccfba87af1),platform=Windows NT 10.0.14393 x86_64) (WARNING: The server did not provide any stacktrace information)
Command duration or timeout: 0 milliseconds
Build info: version: '3.13.0', revision: '2f0d292', time: '2018-06-25T15:24:21.231Z'
System info: host: 'ITLNB102', ip: '172.20.3.24', os.name: 'Windows 10', os.arch: 'amd64', os.version: '10.0', java.version: '1.8.0_92'
Driver info: org.openqa.selenium.chrome.ChromeDriver
Capabilities {acceptSslCerts: true, applicationCacheEnabled: false, browserConnectionEnabled: false, browserName: chrome, chrome: {chromedriverVersion: 2.34.522940 (1a76f96f66e3ca..., userDataDir: C:\Users\RAJEEV~1.GUP\AppDa...}, cssSelectorsEnabled: true, databaseEnabled: false, handlesAlerts: true, hasTouchScreen: false, javascriptEnabled: true, locationContextEnabled: true, mobileEmulationEnabled: false, nativeEvents: true, networkConnectionEnabled: false, pageLoadStrategy: normal, platform: XP, platformName: XP, rotatable: false, setWindowRect: true, takesHeapSnapshot: true, takesScreenshot: true, unexpectedAlertBehaviour: , unhandledPromptBehavior: , version: 70.0.3538.77, webStorageEnabled: true}
Session ID: 80add0eeec93cb24e391107c7a67246b
2018-10-26 14:40:23,526  INFO [TestNG] TestBase:35 - Exception Occurstimeout
  (Session info: chrome=70.0.3538.77)
  (Driver info: chromedriver=2.34.522940 (1a76f96f66e3ca7b8e57d503b4dd3bccfba87af1),platform=Windows NT 10.0.14393 x86_64) (WARNING: The server did not provide any stacktrace information)
Command duration or timeout: 0 milliseconds
Build info: version: '3.13.0', revision: '2f0d292', time: '2018-06-25T15:24:21.231Z'
System info: host: 'ITLNB102', ip: '172.20.3.24', os.name: 'Windows 10', os.arch: 'amd64', os.version: '10.0', java.version: '1.8.0_92'
Driver info: org.openqa.selenium.chrome.ChromeDriver
Capabilities {acceptSslCerts: true, applicationCacheEnabled: false, browserConnectionEnabled: false, browserName: chrome, chrome: {chromedriverVersion: 2.34.522940 (1a76f96f66e3ca..., userDataDir: C:\Users\RAJEEV~1.GUP\AppDa...}, cssSelectorsEnabled: true, databaseEnabled: false, handlesAlerts: true, hasTouchScreen: false, javascriptEnabled: true, locationContextEnabled: true, mobileEmulationEnabled: false, nativeEvents: true, networkConnectionEnabled: false, pageLoadStrategy: normal, platform: XP, platformName: XP, rotatable: false, setWindowRect: true, takesHeapSnapshot: true, takesScreenshot: true, unexpectedAlertBehaviour: , unhandledPromptBehavior: , version: 70.0.3538.77, webStorageEnabled: true}
Session ID: 80add0eeec93cb24e391107c7a67246b
*** Element info: {Using=xpath, value=//select[@class='sort-by']}
2018-10-26 14:43:43,585  INFO [TestNG] TestBase:26 - Test case Failed is:SearchProduct
2018-10-26 14:45:23,618  INFO [TestNG] TestBase:26 - Test case Failed is:SearchProduct
2018-10-26 14:47:05,373  INFO [TestNG] TestBase:252 - Browser is closed
2018-10-26 14:47:06,316 DEBUG [main] cache:45 - Couldn't find template in cache for "Extent.ftl"("en_US", UTF-8, parsed); will try to load it.
2018-10-26 14:47:06,319 DEBUG [main] cache:45 - TemplateLoader.findTemplateSource("Extent_en_US.ftl"): Not found
2018-10-26 14:47:06,323 DEBUG [main] cache:45 - TemplateLoader.findTemplateSource("Extent_en.ftl"): Not found
2018-10-26 14:47:06,328 DEBUG [main] cache:45 - TemplateLoader.findTemplateSource("Extent.ftl"): Found
2018-10-26 14:47:06,330 DEBUG [main] cache:45 - Loading template for "Extent.ftl"("en_US", UTF-8, parsed) from "jar:file:/C:/Users/rajeevkumar.gupta/.m2/repository/com/relevantcodes/extentreports/2.41.2/extentreports-2.41.2.jar!/com/relevantcodes/extentreports/view/Extent.ftl"
2018-10-26 14:47:06,803 DEBUG [main] cache:45 - Couldn't find template in cache for "Extent.ftl"("en_US", UTF-8, parsed); will try to load it.
2018-10-26 14:47:06,804 DEBUG [main] cache:45 - TemplateLoader.findTemplateSource("Extent_en_US.ftl"): Not found
2018-10-26 14:47:06,805 DEBUG [main] cache:45 - TemplateLoader.findTemplateSource("Extent_en.ftl"): Not found
2018-10-26 14:47:06,808 DEBUG [main] cache:45 - TemplateLoader.findTemplateSource("Extent.ftl"): Found
2018-10-26 14:47:06,809 DEBUG [main] cache:45 - Loading template for "Extent.ftl"("en_US", UTF-8, parsed) from "jar:file:/C:/Users/rajeevkumar.gupta/.m2/repository/com/relevantcodes/extentreports/2.41.2/extentreports-2.41.2.jar!/com/relevantcodes/extentreports/view/Extent.ftl"
